{"timestamp": "2026-06-03 17:37:46,962", "level": "INFO", "name": "bot.core.order_service", "message": "ORDER_REQUESTED", "symbol": "BTCUSDT", "side": "BUY", "type": "MARKET", "quantity": 0.001, "dry_run": true, "correlation_id": "REQ-20260603-173746-FF90A4", "service": "trading_bot"}
{"timestamp": "2026-06-03 17:37:47,255", "level": "INFO", "name": "bot.core.risk_manager", "message": "RISK_CHECK_PASSED", "notional": 67.04964355071999, "limit": 1000, "correlation_id": "REQ-20260603-173746-FF90A4", "service": "trading_bot"}
{"timestamp": "2026-06-03 17:37:47,264", "level": "INFO", "name": "bot.repository.order_repo", "message": "ORDER_SAVED", "order_id": "DRY-1780468667.256423", "correlation_id": "REQ-20260603-173746-FF90A4", "service": "trading_bot"}
{"timestamp": "2026-06-03 17:37:47,264", "level": "INFO", "name": "bot.core.order_service", "message": "DRY_RUN_COMPLETE", "status": "DRY_RUN", "symbol": "BTCUSDT", "side": "BUY", "type": "MARKET", "quantity": 0.001, "estimated_notional_usdt": 67.0496, "estimated_fee_usdt": 0.02682, "correlation_id": "REQ-20260603-173746-FF90A4", "service": "trading_bot"}
{"timestamp": "2026-06-03 17:39:51,593", "level": "INFO", "name": "bot.core.order_service", "message": "ORDER_REQUESTED", "symbol": "BTCUSDT", "side": "BUY", "type": "MARKET", "quantity": 0.001, "dry_run": false, "correlation_id": "REQ-20260603-173951-EA4C3D", "service": "trading_bot"}
{"timestamp": "2026-06-03 17:39:51,918", "level": "INFO", "name": "bot.core.risk_manager", "message": "RISK_CHECK_PASSED", "notional": 67.066, "limit": 1000, "correlation_id": "REQ-20260603-173951-EA4C3D", "service": "trading_bot"}
{"timestamp": "2026-06-03 17:39:52,148", "level": "INFO", "name": "bot.core.order_service", "message": "ORDER_PLACED", "order_id": 13986610780, "status": "NEW", "latency_ms": "230", "correlation_id": "REQ-20260603-173951-EA4C3D", "service": "trading_bot"}
{"timestamp": "2026-06-03 17:39:52,157", "level": "INFO", "name": "bot.repository.order_repo", "message": "ORDER_SAVED", "order_id": "13986610780", "correlation_id": "REQ-20260603-173951-EA4C3D", "service": "trading_bot"}
{"timestamp": "2026-06-03 17:40:25,083", "level": "INFO", "name": "bot.core.order_service", "message": "ORDER_REQUESTED", "symbol": "BTCUSDT", "side": "BUY", "type": "LIMIT", "quantity": 0.001, "dry_run": false, "correlation_id": "REQ-20260603-174024-9F52F5", "service": "trading_bot"}
{"timestamp": "2026-06-03 17:40:25,419", "level": "INFO", "name": "bot.core.risk_manager", "message": "RISK_CHECK_PASSED", "notional": 60.0, "limit": 1000, "correlation_id": "REQ-20260603-174024-9F52F5", "service": "trading_bot"}
{"timestamp": "2026-06-03 17:40:25,681", "level": "INFO", "name": "bot.core.order_service", "message": "ORDER_PLACED", "order_id": 13986686299, "status": "NEW", "latency_ms": "261", "correlation_id": "REQ-20260603-174024-9F52F5", "service": "trading_bot"}
{"timestamp": "2026-06-03 17:40:25,688", "level": "INFO", "name": "bot.repository.order_repo", "message": "ORDER_SAVED", "order_id": "13986686299", "correlation_id": "REQ-20260603-174024-9F52F5", "service": "trading_bot"}
{"timestamp": "2026-06-03 17:40:43,420", "level": "INFO", "name": "bot.core.order_service", "message": "ORDER_REQUESTED", "symbol": "ETHUSDT", "side": "BUY", "type": "LIMIT", "quantity": 0.01, "dry_run": false, "correlation_id": "REQ-20260603-174040-934944", "service": "trading_bot"}
{"timestamp": "2026-06-03 17:40:43,646", "level": "INFO", "name": "bot.core.risk_manager", "message": "RISK_CHECK_PASSED", "notional": 20.0, "limit": 1000, "correlation_id": "REQ-20260603-174040-934944", "service": "trading_bot"}
{"timestamp": "2026-06-03 17:40:53,973", "level": "INFO", "name": "bot.core.order_service", "message": "BRACKET_ORDER_REQUESTED", "symbol": "BTCUSDT", "side": "BUY", "entry": 65000.0, "tp": 68000.0, "sl": 63000.0, "correlation_id": "REQ-20260603-174053-23C4D0", "service": "trading_bot"}
{"timestamp": "2026-06-03 17:40:53,974", "level": "INFO", "name": "bot.core.order_service", "message": "ORDER_REQUESTED", "symbol": "BTCUSDT", "side": "BUY", "type": "LIMIT", "quantity": 0.001, "dry_run": false, "correlation_id": "REQ-20260603-174053-23C4D0", "service": "trading_bot"}
{"timestamp": "2026-06-03 17:40:54,275", "level": "INFO", "name": "bot.core.risk_manager", "message": "RISK_CHECK_PASSED", "notional": 65.0, "limit": 1000, "correlation_id": "REQ-20260603-174053-23C4D0", "service": "trading_bot"}
{"timestamp": "2026-06-03 17:40:54,552", "level": "INFO", "name": "bot.core.order_service", "message": "ORDER_PLACED", "order_id": 13986782000, "status": "NEW", "latency_ms": "276", "correlation_id": "REQ-20260603-174053-23C4D0", "service": "trading_bot"}
{"timestamp": "2026-06-03 17:40:54,562", "level": "INFO", "name": "bot.repository.order_repo", "message": "ORDER_SAVED", "order_id": "13986782000", "correlation_id": "REQ-20260603-174053-23C4D0", "service": "trading_bot"}
{"timestamp": "2026-06-03 17:40:54,562", "level": "INFO", "name": "bot.core.order_service", "message": "ORDER_REQUESTED", "symbol": "BTCUSDT", "side": "SELL", "type": "TAKE_PROFIT_MARKET", "quantity": 0.001, "dry_run": false, "correlation_id": "REQ-20260603-174053-23C4D0", "service": "trading_bot"}
{"timestamp": "2026-06-03 17:40:55,074", "level": "INFO", "name": "bot.core.risk_manager", "message": "RISK_CHECK_PASSED", "notional": 67.09548097826001, "limit": 1000, "correlation_id": "REQ-20260603-174053-23C4D0", "service": "trading_bot"}
{"timestamp": "2026-06-03 17:40:55,603", "level": "INFO", "name": "bot.core.order_service", "message": "ORDER_PLACED", "order_id": null, "status": null, "latency_ms": "528", "correlation_id": "REQ-20260603-174053-23C4D0", "service": "trading_bot"}
{"timestamp": "2026-06-03 17:40:55,606", "level": "INFO", "name": "bot.repository.order_repo", "message": "ORDER_SAVED", "order_id": "DRY-1780468855.603342", "correlation_id": "REQ-20260603-174053-23C4D0", "service": "trading_bot"}
{"timestamp": "2026-06-03 17:40:55,606", "level": "INFO", "name": "bot.core.order_service", "message": "ORDER_REQUESTED", "symbol": "BTCUSDT", "side": "SELL", "type": "STOP_MARKET", "quantity": 0.001, "dry_run": false, "correlation_id": "REQ-20260603-174053-23C4D0", "service": "trading_bot"}
{"timestamp": "2026-06-03 17:40:56,100", "level": "INFO", "name": "bot.core.risk_manager", "message": "RISK_CHECK_PASSED", "notional": 67.09505958333, "limit": 1000, "correlation_id": "REQ-20260603-174053-23C4D0", "service": "trading_bot"}
{"timestamp": "2026-06-03 17:40:56,736", "level": "INFO", "name": "bot.core.order_service", "message": "ORDER_PLACED", "order_id": null, "status": null, "latency_ms": "635", "correlation_id": "REQ-20260603-174053-23C4D0", "service": "trading_bot"}
{"timestamp": "2026-06-03 17:40:56,740", "level": "INFO", "name": "bot.repository.order_repo", "message": "ORDER_SAVED", "order_id": "DRY-1780468856.736712", "correlation_id": "REQ-20260603-174053-23C4D0", "service": "trading_bot"}
{"timestamp": "2026-06-03 17:51:18,981", "level": "INFO", "name": "bot.repository.export_service", "message": "EXPORT_COMPLETE", "file_path": "reports/orders_20260603_175118.csv", "rows": 6, "correlation_id": "REQ-20260603-175118-5D78E0", "service": "trading_bot"}
{"timestamp": "2026-06-03 17:51:38,395", "level": "INFO", "name": "bot.core.order_service", "message": "BRACKET_ORDER_REQUESTED", "symbol": "BTCUSDT", "side": "BUY", "entry": 65000.0, "tp": 68000.0, "sl": 63000.0, "correlation_id": "REQ-20260603-175136-E03CAE", "service": "trading_bot"}
{"timestamp": "2026-06-03 17:51:38,396", "level": "INFO", "name": "bot.core.order_service", "message": "ORDER_REQUESTED", "symbol": "BTCUSDT", "side": "BUY", "type": "LIMIT", "quantity": 0.001, "dry_run": true, "correlation_id": "REQ-20260603-175136-E03CAE", "service": "trading_bot"}
{"timestamp": "2026-06-03 17:51:38,715", "level": "INFO", "name": "bot.core.risk_manager", "message": "RISK_CHECK_PASSED", "notional": 65.0, "limit": 1000, "correlation_id": "REQ-20260603-175136-E03CAE", "service": "trading_bot"}
{"timestamp": "2026-06-03 17:51:38,724", "level": "INFO", "name": "bot.repository.order_repo", "message": "ORDER_SAVED", "order_id": "DRY-1780469498.716367", "correlation_id": "REQ-20260603-175136-E03CAE", "service": "trading_bot"}
{"timestamp": "2026-06-03 17:51:38,724", "level": "INFO", "name": "bot.core.order_service", "message": "DRY_RUN_COMPLETE", "status": "DRY_RUN", "symbol": "BTCUSDT", "side": "BUY", "type": "LIMIT", "quantity": 0.001, "estimated_notional_usdt": 65.0, "estimated_fee_usdt": 0.026, "correlation_id": "REQ-20260603-175136-E03CAE", "service": "trading_bot"}
{"timestamp": "2026-06-03 17:51:38,724", "level": "INFO", "name": "bot.core.order_service", "message": "ORDER_REQUESTED", "symbol": "BTCUSDT", "side": "SELL", "type": "TAKE_PROFIT_MARKET", "quantity": 0.001, "dry_run": true, "correlation_id": "REQ-20260603-175136-E03CAE", "service": "trading_bot"}
{"timestamp": "2026-06-03 17:51:38,918", "level": "INFO", "name": "bot.core.risk_manager", "message": "RISK_CHECK_PASSED", "notional": 66.8904, "limit": 1000, "correlation_id": "REQ-20260603-175136-E03CAE", "service": "trading_bot"}
{"timestamp": "2026-06-03 17:51:38,921", "level": "INFO", "name": "bot.repository.order_repo", "message": "ORDER_SAVED", "order_id": "DRY-1780469498.919014", "correlation_id": "REQ-20260603-175136-E03CAE", "service": "trading_bot"}
{"timestamp": "2026-06-03 17:51:38,922", "level": "INFO", "name": "bot.core.order_service", "message": "DRY_RUN_COMPLETE", "status": "DRY_RUN", "symbol": "BTCUSDT", "side": "SELL", "type": "TAKE_PROFIT_MARKET", "quantity": 0.001, "estimated_notional_usdt": 66.8904, "estimated_fee_usdt": 0.026756, "correlation_id": "REQ-20260603-175136-E03CAE", "service": "trading_bot"}
{"timestamp": "2026-06-03 17:51:38,922", "level": "INFO", "name": "bot.core.order_service", "message": "ORDER_REQUESTED", "symbol": "BTCUSDT", "side": "SELL", "type": "STOP_MARKET", "quantity": 0.001, "dry_run": true, "correlation_id": "REQ-20260603-175136-E03CAE", "service": "trading_bot"}
{"timestamp": "2026-06-03 17:51:39,416", "level": "INFO", "name": "bot.core.risk_manager", "message": "RISK_CHECK_PASSED", "notional": 66.87979356884, "limit": 1000, "correlation_id": "REQ-20260603-175136-E03CAE", "service": "trading_bot"}
{"timestamp": "2026-06-03 17:51:39,418", "level": "INFO", "name": "bot.repository.order_repo", "message": "ORDER_SAVED", "order_id": "DRY-1780469499.416472", "correlation_id": "REQ-20260603-175136-E03CAE", "service": "trading_bot"}
{"timestamp": "2026-06-03 17:51:39,418", "level": "INFO", "name": "bot.core.order_service", "message": "DRY_RUN_COMPLETE", "status": "DRY_RUN", "symbol": "BTCUSDT", "side": "SELL", "type": "STOP_MARKET", "quantity": 0.001, "estimated_notional_usdt": 66.8798, "estimated_fee_usdt": 0.026752, "correlation_id": "REQ-20260603-175136-E03CAE", "service": "trading_bot"}
{"timestamp": "2026-06-03 17:58:54,159", "level": "INFO", "name": "bot.core.order_service", "message": "ORDER_REQUESTED", "symbol": "ETHUSDT", "side": "BUY", "type": "LIMIT", "quantity": 0.01, "dry_run": false, "correlation_id": "REQ-20260603-175850-C77A34", "service": "trading_bot"}
{"timestamp": "2026-06-03 17:58:54,355", "level": "INFO", "name": "bot.core.risk_manager", "message": "RISK_CHECK_PASSED", "notional": 20.0, "limit": 1000, "correlation_id": "REQ-20260603-175850-C77A34", "service": "trading_bot"}
{"timestamp": "2026-06-03 17:58:54,557", "level": "ERROR", "name": "bot.clients.binance_client", "message": "BINANCE_API_ERROR", "error_code": -4016, "error_msg": "Limit price can't be higher than 1964.85.", "correlation_id": "REQ-20260603-175850-C77A34", "service": "trading_bot"}
{"timestamp": "2026-06-03 17:59:23,263", "level": "INFO", "name": "bot.core.order_service", "message": "ORDER_REQUESTED", "symbol": "ETHUSDT", "side": "BUY", "type": "LIMIT", "quantity": 0.01, "dry_run": false, "correlation_id": "REQ-20260603-175920-B61066", "service": "trading_bot"}
{"timestamp": "2026-06-03 17:59:23,463", "level": "INFO", "name": "bot.core.risk_manager", "message": "RISK_CHECK_PASSED", "notional": 19.6485, "limit": 1000, "correlation_id": "REQ-20260603-175920-B61066", "service": "trading_bot"}
{"timestamp": "2026-06-03 17:59:23,658", "level": "ERROR", "name": "bot.clients.binance_client", "message": "BINANCE_API_ERROR", "error_code": 0, "error_msg": "Invalid JSON error message from Binance: <!DOCTYPE HTML PUBLIC \"-//IETF//DTD HTML 2.0//EN\">\r\n<html>\r\n<head><title>502 Bad Gateway</title></head>\r\n<body>\r\n<center><h1>502 Bad Gateway</h1></center>\r\n Sorry for the inconvenience.<br/>\r\nPlease report this message and include the following information to us.<br/>\r\nThank you very much!</p>\r\n<table>\r\n<tr>\r\n<td>URL:</td>\r\n<td>http://testnet.binancefuture.com/fapi/v1/order</td>\r\n</tr>\r\n<tr>\r\n<td>Server:</td>\r\n<td>ip-10-140-41-128.ap-northeast-1.compute.internal</td>\r\n</tr>\r\n<tr>\r\n<td>Date:</td>\r\n<td>2026/06/03 12:29:23</td>\r\n</tr>\r\n</table>\r\n<hr/>Powered by Bengine<hr><center>tengine</center>\r\n</body>\r\n</html>\r\n", "correlation_id": "REQ-20260603-175920-B61066", "service": "trading_bot"}
{"timestamp": "2026-06-04 06:27:52,151", "level": "INFO", "name": "bot.repository.export_service", "message": "EXPORT_COMPLETE", "file_path": "reports/orders_20260604_062752.csv", "rows": 9, "correlation_id": "REQ-20260604-062752-570CD9", "service": "trading_bot"}
